[debug] [2025-01-12T01:29:37.612Z] ----------------------------------------------------------------------
[debug] [2025-01-12T01:29:37.615Z] Command:       D:\Programas\NodeJS\node.exe C:\Users\jacks\AppData\Roaming\npm\node_modules\firebase-tools\lib\bin\firebase.js init
[debug] [2025-01-12T01:29:37.616Z] CLI Version:   13.29.1
[debug] [2025-01-12T01:29:37.616Z] Platform:      win32
[debug] [2025-01-12T01:29:37.616Z] Node Version:  v22.12.0
[debug] [2025-01-12T01:29:37.616Z] Time:          Sat Jan 11 2025 22:29:37 GMT-0300 (Horário Padrão de Brasília)
[debug] [2025-01-12T01:29:37.616Z] ----------------------------------------------------------------------
[debug] 
[debug] [2025-01-12T01:29:37.626Z] > command requires scopes: ["email","openid","https://www.googleapis.com/auth/cloudplatformprojects.readonly","https://www.googleapis.com/auth/firebase","https://www.googleapis.com/auth/cloud-platform"]
[debug] [2025-01-12T01:29:37.626Z] > authorizing via signed-in user (jacksoncostaleites2017@gmail.com)
[info] 
     ######## #### ########  ######## ########     ###     ######  ########
     ##        ##  ##     ## ##       ##     ##  ##   ##  ##       ##
     ######    ##  ########  ######   ########  #########  ######  ######
     ##        ##  ##    ##  ##       ##     ## ##     ##       ## ##
     ##       #### ##     ## ######## ########  ##     ##  ######  ########

You're about to initialize a Firebase project in this directory:

  C:\Users\jacks\OneDrive\Área de Trabalho\anota

[info] 
=== Project Setup
[info] 
[info] First, let's associate this project directory with a Firebase project.
[info] You can create multiple project aliases by running firebase use --add, 
[info] but for now we'll just set up a default project.
[info] 
[debug] [2025-01-12T01:31:25.509Z] Checked if tokens are valid: false, expires at: 1736646298563
[debug] [2025-01-12T01:31:25.509Z] Checked if tokens are valid: false, expires at: 1736646298563
[debug] [2025-01-12T01:31:25.510Z] > refreshing access token with scopes: []
[debug] [2025-01-12T01:31:25.511Z] >>> [apiv2][query] POST https://www.googleapis.com/oauth2/v3/token [none]
[debug] [2025-01-12T01:31:25.511Z] >>> [apiv2][body] POST https://www.googleapis.com/oauth2/v3/token [omitted]
[debug] [2025-01-12T01:31:25.779Z] <<< [apiv2][status] POST https://www.googleapis.com/oauth2/v3/token 200
[debug] [2025-01-12T01:31:25.779Z] <<< [apiv2][body] POST https://www.googleapis.com/oauth2/v3/token [omitted]
[debug] [2025-01-12T01:31:25.795Z] >>> [apiv2][query] GET https://firebase.googleapis.com/v1beta1/projects pageSize=100
[debug] [2025-01-12T01:31:26.461Z] <<< [apiv2][status] GET https://firebase.googleapis.com/v1beta1/projects 200
[debug] [2025-01-12T01:31:26.461Z] <<< [apiv2][body] GET https://firebase.googleapis.com/v1beta1/projects [omitted]
[info] i  Using project anota-54767 (Anota) 
[info] 
=== Functions Setup
[debug] [2025-01-12T01:31:27.624Z] > command requires scopes: ["email","openid","https://www.googleapis.com/auth/cloudplatformprojects.readonly","https://www.googleapis.com/auth/firebase","https://www.googleapis.com/auth/cloud-platform"]
[debug] [2025-01-12T01:31:27.625Z] > authorizing via signed-in user (jacksoncostaleites2017@gmail.com)
[debug] [2025-01-12T01:31:27.625Z] [iam] checking project anota-54767 for permissions ["firebase.projects.get"]
[debug] [2025-01-12T01:31:27.625Z] Checked if tokens are valid: true, expires at: 1736649084779
[debug] [2025-01-12T01:31:27.626Z] Checked if tokens are valid: true, expires at: 1736649084779
[debug] [2025-01-12T01:31:27.626Z] >>> [apiv2][query] POST https://cloudresourcemanager.googleapis.com/v1/projects/anota-54767:testIamPermissions [none]
[debug] [2025-01-12T01:31:27.626Z] >>> [apiv2][(partial)header] POST https://cloudresourcemanager.googleapis.com/v1/projects/anota-54767:testIamPermissions x-goog-quota-user=projects/anota-54767
[debug] [2025-01-12T01:31:27.626Z] >>> [apiv2][body] POST https://cloudresourcemanager.googleapis.com/v1/projects/anota-54767:testIamPermissions {"permissions":["firebase.projects.get"]}
[debug] [2025-01-12T01:31:28.601Z] <<< [apiv2][status] POST https://cloudresourcemanager.googleapis.com/v1/projects/anota-54767:testIamPermissions 200
[debug] [2025-01-12T01:31:28.601Z] <<< [apiv2][body] POST https://cloudresourcemanager.googleapis.com/v1/projects/anota-54767:testIamPermissions {"permissions":["firebase.projects.get"]}
[debug] [2025-01-12T01:31:28.602Z] Checked if tokens are valid: true, expires at: 1736649084779
[debug] [2025-01-12T01:31:28.602Z] Checked if tokens are valid: true, expires at: 1736649084779
[debug] [2025-01-12T01:31:28.602Z] Checked if tokens are valid: true, expires at: 1736649084779
[debug] [2025-01-12T01:31:28.602Z] Checked if tokens are valid: true, expires at: 1736649084779
[debug] [2025-01-12T01:31:28.602Z] >>> [apiv2][query] GET https://serviceusage.googleapis.com/v1/projects/anota-54767/services/cloudfunctions.googleapis.com [none]
[debug] [2025-01-12T01:31:28.602Z] >>> [apiv2][(partial)header] GET https://serviceusage.googleapis.com/v1/projects/anota-54767/services/cloudfunctions.googleapis.com x-goog-quota-user=projects/anota-54767
[debug] [2025-01-12T01:31:28.603Z] >>> [apiv2][query] GET https://serviceusage.googleapis.com/v1/projects/anota-54767/services/runtimeconfig.googleapis.com [none]
[debug] [2025-01-12T01:31:28.603Z] >>> [apiv2][(partial)header] GET https://serviceusage.googleapis.com/v1/projects/anota-54767/services/runtimeconfig.googleapis.com x-goog-quota-user=projects/anota-54767
[debug] [2025-01-12T01:31:29.741Z] <<< [apiv2][status] GET https://serviceusage.googleapis.com/v1/projects/anota-54767/services/cloudfunctions.googleapis.com 200
[debug] [2025-01-12T01:31:29.741Z] <<< [apiv2][body] GET https://serviceusage.googleapis.com/v1/projects/anota-54767/services/cloudfunctions.googleapis.com [omitted]
[debug] [2025-01-12T01:31:29.742Z] Checked if tokens are valid: true, expires at: 1736649084779
[debug] [2025-01-12T01:31:29.742Z] Checked if tokens are valid: true, expires at: 1736649084779
[debug] [2025-01-12T01:31:29.742Z] >>> [apiv2][query] POST https://serviceusage.googleapis.com/v1/projects/anota-54767/services/cloudfunctions.googleapis.com:enable [none]
[debug] [2025-01-12T01:31:29.742Z] >>> [apiv2][(partial)header] POST https://serviceusage.googleapis.com/v1/projects/anota-54767/services/cloudfunctions.googleapis.com:enable x-goog-quota-user=projects/anota-54767
[debug] [2025-01-12T01:31:29.755Z] <<< [apiv2][status] GET https://serviceusage.googleapis.com/v1/projects/anota-54767/services/runtimeconfig.googleapis.com 200
[debug] [2025-01-12T01:31:29.755Z] <<< [apiv2][body] GET https://serviceusage.googleapis.com/v1/projects/anota-54767/services/runtimeconfig.googleapis.com [omitted]
[debug] [2025-01-12T01:31:30.523Z] <<< [apiv2][status] POST https://serviceusage.googleapis.com/v1/projects/anota-54767/services/cloudfunctions.googleapis.com:enable 200
[debug] [2025-01-12T01:31:30.523Z] <<< [apiv2][body] POST https://serviceusage.googleapis.com/v1/projects/anota-54767/services/cloudfunctions.googleapis.com:enable [omitted]
[debug] [2025-01-12T01:31:40.533Z] Checked if tokens are valid: true, expires at: 1736649084779
[debug] [2025-01-12T01:31:40.533Z] Checked if tokens are valid: true, expires at: 1736649084779
[debug] [2025-01-12T01:31:40.533Z] >>> [apiv2][query] GET https://serviceusage.googleapis.com/v1/projects/anota-54767/services/cloudfunctions.googleapis.com [none]
[debug] [2025-01-12T01:31:40.533Z] >>> [apiv2][(partial)header] GET https://serviceusage.googleapis.com/v1/projects/anota-54767/services/cloudfunctions.googleapis.com x-goog-quota-user=projects/anota-54767
[debug] [2025-01-12T01:31:41.599Z] <<< [apiv2][status] GET https://serviceusage.googleapis.com/v1/projects/anota-54767/services/cloudfunctions.googleapis.com 200
[debug] [2025-01-12T01:31:41.599Z] <<< [apiv2][body] GET https://serviceusage.googleapis.com/v1/projects/anota-54767/services/cloudfunctions.googleapis.com [omitted]
[info] Let's create a new codebase for your functions.
[info] A directory corresponding to the codebase will be created in your project
[info] with sample code pre-configured.

[info] See https://firebase.google.com/docs/functions/organize-functions for
[info] more information on organizing your functions using codebases.

[info] Functions can be deployed with firebase deploy.

